<?xml version="1.0" encoding="UTF-8"?>
<!-- Generated by org.testng.reporters.JUnitXMLReporter -->
<testsuite ignored="0" hostname="UNupur" failures="0" tests="4" name="Surefire test" time="50.726" errors="0" timestamp="2024-10-06T22:15:33 EDT">
  <testcase classname="RahulShettyFrameWork_AppTest.OriginalStandAloneTest" name="testDashboard" time="10.575"/>
  <testcase classname="RahulShettyFrameWork_AppTest.StandAloneTest" name="submitOrder" time="10.846"/>
  <testcase classname="RahulShettyFrameWork_AppTest.StandAloneTest" name="submitOrder" time="10.59"/>
  <testcase classname="RahulShettyFrameWork_AppTest.StandAloneTest" name="OrderHistoryTest" time="1.137"/>
</testsuite> <!-- Surefire test -->
