<?xml version="1.0" encoding="UTF-8"?>
<!-- Generated by org.testng.reporters.JUnitXMLReporter -->
<testsuite ignored="0" hostname="UNupur" failures="0" tests="2" name="Error Validation" time="36.358" errors="0" timestamp="2024-10-12T13:43:28 EDT">
  <testcase classname="RahulShettyFrameWork_AppTest.TestComponents.ErrorValidations" name="errorValidationOfSubmitOrder" time="1.269"/>
  <testcase classname="RahulShettyFrameWork_AppTest.TestComponents.ErrorValidations" name="errorValidationInCartPage" time="14.929"/>
</testsuite> <!-- Error Validation -->
