<?xml version="1.0" encoding="UTF-8"?>
<!-- Generated by org.testng.reporters.JUnitXMLReporter -->
<testsuite ignored="1" hostname="UNupur" failures="0" tests="2" name="submit order test" time="53.708" errors="0" timestamp="2024-10-12T13:43:44 EDT">
  <testcase classname="RahulShettyFrameWork_AppTest.StandAloneTest" name="submitOrder" time="17.398"/>
  <testcase classname="RahulShettyFrameWork_AppTest.StandAloneTest" name="submitOrder" time="16.588"/>
  <testcase classname="RahulShettyFrameWork_AppTest.StandAloneTest" name="OrderHistoryTest" time="0.0">
    <ignored/>
  </testcase> <!-- OrderHistoryTest -->
</testsuite> <!-- submit order test -->
